briancapozza@briancapozza:~/CS411-Project/weather$ docker run --rm weather-tests
============================= test session starts ==============================
platform linux -- Python 3.9.22, pytest-8.2.2, pluggy-1.5.0
rootdir: /app
plugins: mock-3.14.0
collected 51 items

tests/test_api_utils.py ....                                             [  7%]
tests/test_favorites_model.py ...................                        [ 45%]
tests/test_locations_model.py .................                          [ 78%]
tests/test_user_model.py ...........                                     [100%]

=============================== warnings summary ===============================
tests/test_favorites_model.py::test_get_favorites_with_data
tests/test_favorites_model.py::test_get_favorites_with_data
tests/test_favorites_model.py::test_add_favorite
tests/test_favorites_model.py::test_add_favorite
tests/test_locations_model.py::test_get_location_by_id
tests/test_locations_model.py::test_get_location_by_id_not_found
  /app/weather/models/locations_model.py:130: LegacyAPIWarning: The Query.get() method is considered legacy as of the 1.x series of SQLAlchemy and becomes a legacy construct in 2.0. The method is now available as Session.get() (deprecated since: 2.0) (Background on SQLAlchemy 2.0 at: https://sqlalche.me/e/b8d9)
    location = cls.query.get(location_id)

tests/test_locations_model.py::test_delete_location_by_id
tests/test_locations_model.py::test_delete_location_not_found
  /app/weather/models/locations_model.py:189: LegacyAPIWarning: The Query.get() method is considered legacy as of the 1.x series of SQLAlchemy and becomes a legacy construct in 2.0. The method is now available as Session.get() (deprecated since: 2.0) (Background on SQLAlchemy 2.0 at: https://sqlalche.me/e/b8d9)
    location = cls.query.get(location_id)

tests/test_locations_model.py::test_delete_location_by_id
  /app/tests/test_locations_model.py:113: LegacyAPIWarning: The Query.get() method is considered legacy as of the 1.x series of SQLAlchemy and becomes a legacy construct in 2.0. The method is now available as Session.get() (deprecated since: 2.0) (Background on SQLAlchemy 2.0 at: https://sqlalche.me/e/b8d9)
    assert session.query(Locations).get(sample_location1.id) is None

-- Docs: https://docs.pytest.org/en/stable/how-to/capture-warnings.html
======================== 51 passed, 9 warnings in 0.97s ========================
